<?xml version="1.0" encoding="UTF-8"?>
<testsuite name="PuzzelNTest" tests="3" skipped="0" failures="0" errors="0" timestamp="2020-04-13T09:55:07" hostname="nabuabid-ltm1.internal.salesforce.com" time="0.001">
  <properties/>
  <testcase name="isSolvable" classname="PuzzelNTest" time="0.001"/>
  <testcase name="blankSlotPosition" classname="PuzzelNTest" time="0.0"/>
  <testcase name="inversions" classname="PuzzelNTest" time="0.0"/>
  <system-out><![CDATA[]]></system-out>
  <system-err><![CDATA[]]></system-err>
</testsuite>
